<?xml version="1.0" encoding="UTF-8"?>
<testng-results ignored="0" total="1" passed="1" failed="0" skipped="0">
  <reporter-output>
  </reporter-output>
  <suite started-at="2022-10-24T20:54:02 EDT" name="regression" finished-at="2022-10-24T20:54:22 EDT" duration-ms="19128">
    <groups>
    </groups>
    <test started-at="2022-10-24T20:54:02 EDT" name="LoginTest" finished-at="2022-10-24T20:54:22 EDT" duration-ms="19128">
      <class name="test.AddCustomerTest">
        <test-method signature="userShouldBeAbleToCreateCustomer(java.lang.String,java.lang.String,java.lang.String,java.lang.String,java.lang.String,java.lang.String,java.lang.String,java.lang.String,java.lang.String,java.lang.String,java.lang.String)[pri:0, instance:test.AddCustomerTest@306cf3ea]" started-at="2022-10-24T20:54:02 EDT" name="userShouldBeAbleToCreateCustomer" finished-at="2022-10-24T20:54:22 EDT" duration-ms="19055" status="PASS">
          <params>
            <param index="0">
              <value>
                <![CDATA[demo@techfios.com]]>
              </value>
            </param>
            <param index="1">
              <value>
                <![CDATA[abc123]]>
              </value>
            </param>
            <param index="2">
              <value>
                <![CDATA[Excel Project]]>
              </value>
            </param>
            <param index="3">
              <value>
                <![CDATA[Techfios]]>
              </value>
            </param>
            <param index="4">
              <value>
                <![CDATA[mxexcell@gmail.com]]>
              </value>
            </param>
            <param index="5">
              <value>
                <![CDATA[a234568]]>
              </value>
            </param>
            <param index="6">
              <value>
                <![CDATA[Techfios Building]]>
              </value>
            </param>
            <param index="7">
              <value>
                <![CDATA[Carrolton]]>
              </value>
            </param>
            <param index="8">
              <value>
                <![CDATA[TX]]>
              </value>
            </param>
            <param index="9">
              <value>
                <![CDATA[United Kingdom]]>
              </value>
            </param>
            <param index="10">
              <value>
                <![CDATA[a75009]]>
              </value>
            </param>
          </params>
          <reporter-output>
          </reporter-output>
        </test-method> <!-- userShouldBeAbleToCreateCustomer -->
      </class> <!-- test.AddCustomerTest -->
    </test> <!-- LoginTest -->
  </suite> <!-- regression -->
</testng-results>
